{"C:\\Users\\2262943\\vs code\\typescript\\POC\\EmployeeManagmentProject\\backend\\src\\controller\\employeeController.ts": {"path":"C:\\Users\\2262943\\vs code\\typescript\\POC\\EmployeeManagmentProject\\backend\\src\\controller\\employeeController.ts","statementMap":{"0":{"start":{"line":6,"column":8},"end":{"line":6,"column":47}},"1":{"start":{"line":10,"column":8},"end":{"line":24,"column":9}},"2":{"start":{"line":11,"column":36},"end":{"line":11,"column":83}},"3":{"start":{"line":12,"column":12},"end":{"line":16,"column":null}},"4":{"start":{"line":19,"column":12},"end":{"line":23,"column":null}},"5":{"start":{"line":27,"column":8},"end":{"line":49,"column":9}},"6":{"start":{"line":28,"column":26},"end":{"line":28,"column":70}},"7":{"start":{"line":29,"column":12},"end":{"line":41,"column":13}},"8":{"start":{"line":30,"column":16},"end":{"line":34,"column":18}},"9":{"start":{"line":36,"column":16},"end":{"line":40,"column":null}},"10":{"start":{"line":44,"column":12},"end":{"line":48,"column":14}},"11":{"start":{"line":52,"column":8},"end":{"line":76,"column":9}},"12":{"start":{"line":54,"column":25},"end":{"line":54,"column":71}},"13":{"start":{"line":55,"column":12},"end":{"line":68,"column":13}},"14":{"start":{"line":56,"column":16},"end":{"line":60,"column":null}},"15":{"start":{"line":63,"column":16},"end":{"line":67,"column":null}},"16":{"start":{"line":71,"column":12},"end":{"line":75,"column":null}},"17":{"start":{"line":79,"column":8},"end":{"line":101,"column":9}},"18":{"start":{"line":81,"column":32},"end":{"line":81,"column":79}},"19":{"start":{"line":82,"column":12},"end":{"line":94,"column":13}},"20":{"start":{"line":83,"column":16},"end":{"line":87,"column":null}},"21":{"start":{"line":89,"column":16},"end":{"line":93,"column":null}},"22":{"start":{"line":96,"column":12},"end":{"line":100,"column":null}},"23":{"start":{"line":104,"column":8},"end":{"line":127,"column":9}},"24":{"start":{"line":106,"column":31},"end":{"line":106,"column":76}},"25":{"start":{"line":107,"column":12},"end":{"line":119,"column":13}},"26":{"start":{"line":108,"column":16},"end":{"line":112,"column":null}},"27":{"start":{"line":114,"column":16},"end":{"line":118,"column":null}},"28":{"start":{"line":122,"column":12},"end":{"line":126,"column":null}},"29":{"start":{"line":3,"column":0},"end":{"line":3,"column":13}}},"fnMap":{"0":{"name":"(anonymous_0)","decl":{"start":{"line":5,"column":4},"end":{"line":5,"column":16}},"loc":{"start":{"line":5,"column":48},"end":{"line":7,"column":5}}},"1":{"name":"(anonymous_1)","decl":{"start":{"line":9,"column":4},"end":{"line":9,"column":9}},"loc":{"start":{"line":9,"column":26},"end":{"line":25,"column":5}}},"2":{"name":"(anonymous_2)","decl":{"start":{"line":26,"column":4},"end":{"line":26,"column":9}},"loc":{"start":{"line":26,"column":24},"end":{"line":50,"column":5}}},"3":{"name":"(anonymous_3)","decl":{"start":{"line":51,"column":4},"end":{"line":51,"column":9}},"loc":{"start":{"line":51,"column":28},"end":{"line":77,"column":5}}},"4":{"name":"(anonymous_4)","decl":{"start":{"line":78,"column":4},"end":{"line":78,"column":9}},"loc":{"start":{"line":78,"column":30},"end":{"line":102,"column":5}}},"5":{"name":"(anonymous_5)","decl":{"start":{"line":103,"column":4},"end":{"line":103,"column":9}},"loc":{"start":{"line":103,"column":31},"end":{"line":128,"column":5}}}},"branchMap":{"0":{"loc":{"start":{"line":29,"column":12},"end":{"line":41,"column":13}},"type":"if","locations":[{"start":{"line":29,"column":12},"end":{"line":41,"column":13}},{"start":{"line":35,"column":19},"end":{"line":41,"column":13}}]},"1":{"loc":{"start":{"line":55,"column":12},"end":{"line":68,"column":13}},"type":"if","locations":[{"start":{"line":55,"column":12},"end":{"line":68,"column":13}},{"start":{"line":62,"column":17},"end":{"line":68,"column":13}}]},"2":{"loc":{"start":{"line":82,"column":12},"end":{"line":94,"column":13}},"type":"if","locations":[{"start":{"line":82,"column":12},"end":{"line":94,"column":13}},{"start":{"line":88,"column":19},"end":{"line":94,"column":13}}]},"3":{"loc":{"start":{"line":107,"column":12},"end":{"line":119,"column":13}},"type":"if","locations":[{"start":{"line":107,"column":12},"end":{"line":119,"column":13}},{"start":{"line":113,"column":19},"end":{"line":119,"column":13}}]}},"s":{"0":14,"1":2,"2":2,"3":1,"4":1,"5":3,"6":3,"7":2,"8":1,"9":1,"10":1,"11":3,"12":3,"13":2,"14":1,"15":1,"16":1,"17":3,"18":3,"19":2,"20":1,"21":1,"22":1,"23":3,"24":3,"25":2,"26":1,"27":1,"28":1,"29":1},"f":{"0":14,"1":2,"2":3,"3":3,"4":3,"5":3},"b":{"0":[1,1],"1":[1,1],"2":[1,1],"3":[1,1]}}
,"C:\\Users\\2262943\\vs code\\typescript\\POC\\EmployeeManagmentProject\\backend\\src\\repository\\employeeRepository.ts": {"path":"C:\\Users\\2262943\\vs code\\typescript\\POC\\EmployeeManagmentProject\\backend\\src\\repository\\employeeRepository.ts","statementMap":{"0":{"start":{"line":1,"column":0},"end":{"line":1,"column":71}},"1":{"start":{"line":2,"column":0},"end":{"line":2,"column":117}},"2":{"start":{"line":3,"column":0},"end":{"line":3,"column":62}},"3":{"start":{"line":13,"column":8},"end":{"line":13,"column":66}},"4":{"start":{"line":14,"column":8},"end":{"line":14,"column":65}},"5":{"start":{"line":15,"column":8},"end":{"line":15,"column":35}},"6":{"start":{"line":19,"column":24},"end":{"line":28,"column":10}},"7":{"start":{"line":29,"column":30},"end":{"line":29,"column":63}},"8":{"start":{"line":30,"column":8},"end":{"line":30,"column":30}},"9":{"start":{"line":32,"column":8},"end":{"line":32,"column":24}},"10":{"start":{"line":36,"column":23},"end":{"line":38,"column":null}},"11":{"start":{"line":39,"column":24},"end":{"line":39,"column":47}},"12":{"start":{"line":40,"column":25},"end":{"line":40,"column":58}},"13":{"start":{"line":41,"column":8},"end":{"line":44,"column":9}},"14":{"start":{"line":42,"column":25},"end":{"line":42,"column":69}},"15":{"start":{"line":42,"column":52},"end":{"line":42,"column":68}},"16":{"start":{"line":43,"column":12},"end":{"line":43,"column":38}},"17":{"start":{"line":45,"column":8},"end":{"line":45,"column":18}},"18":{"start":{"line":48,"column":24},"end":{"line":53,"column":10}},"19":{"start":{"line":55,"column":30},"end":{"line":55,"column":63}},"20":{"start":{"line":56,"column":8},"end":{"line":56,"column":30}},"21":{"start":{"line":57,"column":8},"end":{"line":57,"column":24}},"22":{"start":{"line":61,"column":24},"end":{"line":74,"column":10}},"23":{"start":{"line":76,"column":30},"end":{"line":76,"column":63}},"24":{"start":{"line":77,"column":8},"end":{"line":77,"column":30}},"25":{"start":{"line":78,"column":8},"end":{"line":78,"column":24}},"26":{"start":{"line":82,"column":24},"end":{"line":87,"column":10}},"27":{"start":{"line":89,"column":30},"end":{"line":89,"column":63}},"28":{"start":{"line":90,"column":8},"end":{"line":90,"column":30}},"29":{"start":{"line":91,"column":8},"end":{"line":91,"column":24}},"30":{"start":{"line":7,"column":0},"end":{"line":7,"column":13}}},"fnMap":{"0":{"name":"(anonymous_0)","decl":{"start":{"line":12,"column":4},"end":{"line":12,"column":16}},"loc":{"start":{"line":12,"column":33},"end":{"line":16,"column":5}}},"1":{"name":"(anonymous_1)","decl":{"start":{"line":18,"column":4},"end":{"line":18,"column":9}},"loc":{"start":{"line":18,"column":43},"end":{"line":33,"column":5}}},"2":{"name":"(anonymous_2)","decl":{"start":{"line":35,"column":4},"end":{"line":35,"column":9}},"loc":{"start":{"line":35,"column":25},"end":{"line":46,"column":5}}},"3":{"name":"(anonymous_3)","decl":{"start":{"line":42,"column":44},"end":{"line":42,"column":48}},"loc":{"start":{"line":42,"column":52},"end":{"line":42,"column":68}}},"4":{"name":"(anonymous_4)","decl":{"start":{"line":47,"column":4},"end":{"line":47,"column":9}},"loc":{"start":{"line":47,"column":44},"end":{"line":58,"column":5}}},"5":{"name":"(anonymous_5)","decl":{"start":{"line":60,"column":4},"end":{"line":60,"column":9}},"loc":{"start":{"line":60,"column":43},"end":{"line":79,"column":5}}},"6":{"name":"(anonymous_6)","decl":{"start":{"line":81,"column":4},"end":{"line":81,"column":9}},"loc":{"start":{"line":81,"column":43},"end":{"line":92,"column":5}}}},"branchMap":{"0":{"loc":{"start":{"line":41,"column":8},"end":{"line":44,"column":9}},"type":"if","locations":[{"start":{"line":41,"column":8},"end":{"line":44,"column":9}}]}},"s":{"0":0,"1":0,"2":0,"3":0,"4":0,"5":0,"6":0,"7":0,"8":0,"9":0,"10":0,"11":0,"12":0,"13":0,"14":0,"15":0,"16":0,"17":0,"18":0,"19":0,"20":0,"21":0,"22":0,"23":0,"24":0,"25":0,"26":0,"27":0,"28":0,"29":0,"30":0},"f":{"0":0,"1":0,"2":0,"3":0,"4":0,"5":0,"6":0},"b":{"0":[0]}}
,"C:\\Users\\2262943\\vs code\\typescript\\POC\\EmployeeManagmentProject\\backend\\src\\server\\apiServer.ts": {"path":"C:\\Users\\2262943\\vs code\\typescript\\POC\\EmployeeManagmentProject\\backend\\src\\server\\apiServer.ts","statementMap":{"0":{"start":{"line":1,"column":0},"end":{"line":1,"column":29}},"1":{"start":{"line":2,"column":0},"end":{"line":2,"column":70}},"2":{"start":{"line":3,"column":0},"end":{"line":3,"column":62}},"3":{"start":{"line":4,"column":0},"end":{"line":4,"column":70}},"4":{"start":{"line":6,"column":26},"end":{"line":6,"column":42}},"5":{"start":{"line":7,"column":27},"end":{"line":7,"column":68}},"6":{"start":{"line":8,"column":24},"end":{"line":8,"column":63}},"7":{"start":{"line":9,"column":27},"end":{"line":9,"column":66}},"8":{"start":{"line":11,"column":15},"end":{"line":115,"column":2}},"9":{"start":{"line":12,"column":4},"end":{"line":114,"column":5}},"10":{"start":{"line":13,"column":19},"end":{"line":13,"column":21}},"11":{"start":{"line":15,"column":8},"end":{"line":17,"column":11}},"12":{"start":{"line":16,"column":12},"end":{"line":16,"column":37}},"13":{"start":{"line":18,"column":8},"end":{"line":32,"column":null}},"14":{"start":{"line":19,"column":12},"end":{"line":29,"column":13}},"15":{"start":{"line":20,"column":31},"end":{"line":20,"column":80}},"16":{"start":{"line":21,"column":16},"end":{"line":24,"column":19}},"17":{"start":{"line":25,"column":16},"end":{"line":25,"column":53}},"18":{"start":{"line":27,"column":16},"end":{"line":27,"column":35}},"19":{"start":{"line":28,"column":16},"end":{"line":28,"column":null}},"20":{"start":{"line":33,"column":11},"end":{"line":114,"column":5}},"21":{"start":{"line":35,"column":8},"end":{"line":45,"column":9}},"22":{"start":{"line":36,"column":29},"end":{"line":36,"column":70}},"23":{"start":{"line":37,"column":12},"end":{"line":40,"column":15}},"24":{"start":{"line":41,"column":12},"end":{"line":41,"column":51}},"25":{"start":{"line":43,"column":12},"end":{"line":43,"column":31}},"26":{"start":{"line":44,"column":12},"end":{"line":44,"column":null}},"27":{"start":{"line":46,"column":11},"end":{"line":114,"column":5}},"28":{"start":{"line":47,"column":27},"end":{"line":47,"column":48}},"29":{"start":{"line":48,"column":8},"end":{"line":52,"column":9}},"30":{"start":{"line":49,"column":12},"end":{"line":49,"column":31}},"31":{"start":{"line":50,"column":12},"end":{"line":50,"column":67}},"32":{"start":{"line":51,"column":12},"end":{"line":51,"column":19}},"33":{"start":{"line":53,"column":8},"end":{"line":63,"column":9}},"34":{"start":{"line":54,"column":29},"end":{"line":54,"column":73}},"35":{"start":{"line":55,"column":12},"end":{"line":58,"column":15}},"36":{"start":{"line":59,"column":12},"end":{"line":59,"column":51}},"37":{"start":{"line":61,"column":12},"end":{"line":61,"column":31}},"38":{"start":{"line":62,"column":12},"end":{"line":62,"column":null}},"39":{"start":{"line":64,"column":11},"end":{"line":114,"column":5}},"40":{"start":{"line":65,"column":27},"end":{"line":65,"column":48}},"41":{"start":{"line":66,"column":8},"end":{"line":70,"column":9}},"42":{"start":{"line":67,"column":12},"end":{"line":67,"column":31}},"43":{"start":{"line":68,"column":12},"end":{"line":68,"column":67}},"44":{"start":{"line":69,"column":12},"end":{"line":69,"column":19}},"45":{"start":{"line":71,"column":19},"end":{"line":71,"column":21}},"46":{"start":{"line":72,"column":8},"end":{"line":74,"column":11}},"47":{"start":{"line":73,"column":12},"end":{"line":73,"column":37}},"48":{"start":{"line":76,"column":8},"end":{"line":88,"column":null}},"49":{"start":{"line":77,"column":12},"end":{"line":87,"column":13}},"50":{"start":{"line":78,"column":33},"end":{"line":78,"column":105}},"51":{"start":{"line":79,"column":16},"end":{"line":82,"column":19}},"52":{"start":{"line":83,"column":16},"end":{"line":83,"column":55}},"53":{"start":{"line":85,"column":16},"end":{"line":85,"column":35}},"54":{"start":{"line":86,"column":16},"end":{"line":86,"column":null}},"55":{"start":{"line":90,"column":11},"end":{"line":114,"column":5}},"56":{"start":{"line":91,"column":27},"end":{"line":91,"column":48}},"57":{"start":{"line":92,"column":8},"end":{"line":96,"column":9}},"58":{"start":{"line":93,"column":12},"end":{"line":93,"column":31}},"59":{"start":{"line":94,"column":12},"end":{"line":94,"column":67}},"60":{"start":{"line":95,"column":12},"end":{"line":95,"column":19}},"61":{"start":{"line":97,"column":8},"end":{"line":107,"column":9}},"62":{"start":{"line":98,"column":29},"end":{"line":98,"column":76}},"63":{"start":{"line":99,"column":12},"end":{"line":102,"column":15}},"64":{"start":{"line":103,"column":12},"end":{"line":103,"column":51}},"65":{"start":{"line":105,"column":12},"end":{"line":105,"column":31}},"66":{"start":{"line":106,"column":12},"end":{"line":106,"column":null}},"67":{"start":{"line":109,"column":8},"end":{"line":112,"column":11}},"68":{"start":{"line":113,"column":8},"end":{"line":113,"column":66}},"69":{"start":{"line":117,"column":13},"end":{"line":117,"column":17}},"70":{"start":{"line":118,"column":0},"end":{"line":120,"column":null}},"71":{"start":{"line":119,"column":4},"end":{"line":119,"column":null}}},"fnMap":{"0":{"name":"(anonymous_0)","decl":{"start":{"line":11,"column":33},"end":{"line":11,"column":38}},"loc":{"start":{"line":11,"column":52},"end":{"line":115,"column":1}}},"1":{"name":"(anonymous_1)","decl":{"start":{"line":15,"column":23},"end":{"line":15,"column":28}},"loc":{"start":{"line":15,"column":39},"end":{"line":17,"column":9}}},"2":{"name":"(anonymous_2)","decl":{"start":{"line":18,"column":22},"end":{"line":18,"column":27}},"loc":{"start":{"line":18,"column":33},"end":{"line":32,"column":9}}},"3":{"name":"(anonymous_3)","decl":{"start":{"line":72,"column":23},"end":{"line":72,"column":24}},"loc":{"start":{"line":72,"column":33},"end":{"line":74,"column":9}}},"4":{"name":"(anonymous_4)","decl":{"start":{"line":76,"column":22},"end":{"line":76,"column":27}},"loc":{"start":{"line":76,"column":33},"end":{"line":88,"column":9}}},"5":{"name":"(anonymous_5)","decl":{"start":{"line":118,"column":20},"end":{"line":118,"column":23}},"loc":{"start":{"line":118,"column":25},"end":{"line":120,"column":1}}}},"branchMap":{"0":{"loc":{"start":{"line":12,"column":4},"end":{"line":114,"column":5}},"type":"if","locations":[{"start":{"line":12,"column":4},"end":{"line":114,"column":5}},{"start":{"line":33,"column":11},"end":{"line":114,"column":5}}]},"1":{"loc":{"start":{"line":12,"column":8},"end":{"line":12,"column":57}},"type":"binary-expr","locations":[{"start":{"line":12,"column":8},"end":{"line":12,"column":29}},{"start":{"line":12,"column":33},"end":{"line":12,"column":57}}]},"2":{"loc":{"start":{"line":33,"column":11},"end":{"line":114,"column":5}},"type":"if","locations":[{"start":{"line":33,"column":11},"end":{"line":114,"column":5}},{"start":{"line":46,"column":11},"end":{"line":114,"column":5}}]},"3":{"loc":{"start":{"line":33,"column":15},"end":{"line":33,"column":72}},"type":"binary-expr","locations":[{"start":{"line":33,"column":15},"end":{"line":33,"column":35}},{"start":{"line":33,"column":39},"end":{"line":33,"column":72}}]},"4":{"loc":{"start":{"line":46,"column":11},"end":{"line":114,"column":5}},"type":"if","locations":[{"start":{"line":46,"column":11},"end":{"line":114,"column":5}},{"start":{"line":64,"column":11},"end":{"line":114,"column":5}}]},"5":{"loc":{"start":{"line":46,"column":15},"end":{"line":46,"column":73}},"type":"binary-expr","locations":[{"start":{"line":46,"column":15},"end":{"line":46,"column":35}},{"start":{"line":46,"column":39},"end":{"line":46,"column":73}}]},"6":{"loc":{"start":{"line":48,"column":8},"end":{"line":52,"column":9}},"type":"if","locations":[{"start":{"line":48,"column":8},"end":{"line":52,"column":9}}]},"7":{"loc":{"start":{"line":64,"column":11},"end":{"line":114,"column":5}},"type":"if","locations":[{"start":{"line":64,"column":11},"end":{"line":114,"column":5}},{"start":{"line":90,"column":11},"end":{"line":114,"column":5}}]},"8":{"loc":{"start":{"line":64,"column":15},"end":{"line":64,"column":73}},"type":"binary-expr","locations":[{"start":{"line":64,"column":15},"end":{"line":64,"column":35}},{"start":{"line":64,"column":39},"end":{"line":64,"column":73}}]},"9":{"loc":{"start":{"line":66,"column":8},"end":{"line":70,"column":9}},"type":"if","locations":[{"start":{"line":66,"column":8},"end":{"line":70,"column":9}}]},"10":{"loc":{"start":{"line":90,"column":11},"end":{"line":114,"column":5}},"type":"if","locations":[{"start":{"line":90,"column":11},"end":{"line":114,"column":5}},{"start":{"line":108,"column":11},"end":{"line":114,"column":5}}]},"11":{"loc":{"start":{"line":90,"column":15},"end":{"line":90,"column":76}},"type":"binary-expr","locations":[{"start":{"line":90,"column":15},"end":{"line":90,"column":38}},{"start":{"line":90,"column":42},"end":{"line":90,"column":76}}]},"12":{"loc":{"start":{"line":92,"column":8},"end":{"line":96,"column":9}},"type":"if","locations":[{"start":{"line":92,"column":8},"end":{"line":96,"column":9}}]}},"s":{"0":0,"1":0,"2":0,"3":0,"4":0,"5":0,"6":0,"7":0,"8":0,"9":0,"10":0,"11":0,"12":0,"13":0,"14":0,"15":0,"16":0,"17":0,"18":0,"19":0,"20":0,"21":0,"22":0,"23":0,"24":0,"25":0,"26":0,"27":0,"28":0,"29":0,"30":0,"31":0,"32":0,"33":0,"34":0,"35":0,"36":0,"37":0,"38":0,"39":0,"40":0,"41":0,"42":0,"43":0,"44":0,"45":0,"46":0,"47":0,"48":0,"49":0,"50":0,"51":0,"52":0,"53":0,"54":0,"55":0,"56":0,"57":0,"58":0,"59":0,"60":0,"61":0,"62":0,"63":0,"64":0,"65":0,"66":0,"67":0,"68":0,"69":0,"70":0,"71":0},"f":{"0":0,"1":0,"2":0,"3":0,"4":0,"5":0},"b":{"0":[0,0],"1":[0,0],"2":[0,0],"3":[0,0],"4":[0,0],"5":[0,0],"6":[0],"7":[0,0],"8":[0,0],"9":[0],"10":[0,0],"11":[0,0],"12":[0]}}
,"C:\\Users\\2262943\\vs code\\typescript\\POC\\EmployeeManagmentProject\\backend\\src\\services\\employeeService.ts": {"path":"C:\\Users\\2262943\\vs code\\typescript\\POC\\EmployeeManagmentProject\\backend\\src\\services\\employeeService.ts","statementMap":{"0":{"start":{"line":8,"column":8},"end":{"line":8,"column":53}},"1":{"start":{"line":12,"column":8},"end":{"line":12,"column":70}},"2":{"start":{"line":16,"column":8},"end":{"line":16,"column":63}},"3":{"start":{"line":20,"column":8},"end":{"line":20,"column":73}},"4":{"start":{"line":24,"column":8},"end":{"line":24,"column":70}},"5":{"start":{"line":28,"column":8},"end":{"line":28,"column":72}},"6":{"start":{"line":4,"column":0},"end":{"line":4,"column":13}}},"fnMap":{"0":{"name":"(anonymous_0)","decl":{"start":{"line":7,"column":4},"end":{"line":7,"column":16}},"loc":{"start":{"line":7,"column":54},"end":{"line":9,"column":5}}},"1":{"name":"(anonymous_1)","decl":{"start":{"line":11,"column":4},"end":{"line":11,"column":9}},"loc":{"start":{"line":11,"column":43},"end":{"line":13,"column":5}}},"2":{"name":"(anonymous_2)","decl":{"start":{"line":15,"column":4},"end":{"line":15,"column":9}},"loc":{"start":{"line":15,"column":25},"end":{"line":17,"column":5}}},"3":{"name":"(anonymous_3)","decl":{"start":{"line":19,"column":4},"end":{"line":19,"column":9}},"loc":{"start":{"line":19,"column":44},"end":{"line":21,"column":5}}},"4":{"name":"(anonymous_4)","decl":{"start":{"line":23,"column":4},"end":{"line":23,"column":9}},"loc":{"start":{"line":23,"column":43},"end":{"line":25,"column":5}}},"5":{"name":"(anonymous_5)","decl":{"start":{"line":27,"column":4},"end":{"line":27,"column":9}},"loc":{"start":{"line":27,"column":43},"end":{"line":29,"column":5}}}},"branchMap":{},"s":{"0":0,"1":0,"2":0,"3":0,"4":0,"5":0,"6":0},"f":{"0":0,"1":0,"2":0,"3":0,"4":0,"5":0},"b":{}}
}
